Equate elements:  no current cell.
Equate elements:  no current cell.
Flattening unmatched subcell sky130_fd_pr__nfet_01v8_XE8V5F in circuit NAND (1)(2 instances)
Flattening unmatched subcell pfet_w075_2f in circuit NAND (1)(2 instances)
Flattening unmatched subcell sky130_fd_pr__pfet_01v8_52C9FB in circuit NAND (1)(2 instances)

Class NAND (1):  Merged 4 parallel devices.
Subcircuit summary:
Circuit 1: NAND                            |Circuit 2: NAND                            
-------------------------------------------|-------------------------------------------
sky130_fd_pr__nfet_01v8 (4->2)             |sky130_fd_pr__nfet_01v8 (4->2)             
sky130_fd_pr__pfet_01v8 (4->2)             |sky130_fd_pr__pfet_01v8 (4->2)             
Number of devices: 4                       |Number of devices: 4                       
Number of nets: 6                          |Number of nets: 6                          
---------------------------------------------------------------------------------------
Circuits match uniquely.
Netlists match uniquely.

Subcircuit pins:
Circuit 1: NAND                            |Circuit 2: NAND                            
-------------------------------------------|-------------------------------------------
Vdd                                        |m1_88_679# **Mismatch**                    
Vss                                        |VSUBS **Mismatch**                         
OUT                                        |m1_184_611# **Mismatch**                   
A                                          |(no matching pin)                          
B                                          |(no matching pin)                          
A                                          |(no matching pin)                          
B                                          |(no matching pin)                          
---------------------------------------------------------------------------------------
Cell pin lists for NAND and NAND altered to match.
Flattening unmatched subcell sky130_fd_pr__nfet_01v8_NDWVGB in circuit Inversor (1)(1 instance)
Flattening unmatched subcell pfet_w075_2f in circuit Inversor (1)(1 instance)
Flattening unmatched subcell sky130_fd_pr__pfet_01v8_52C9FB in circuit Inversor (1)(1 instance)

Class Inversor (1):  Merged 1 parallel devices.
Subcircuit summary:
Circuit 1: Inversor                        |Circuit 2: Inversor                        
-------------------------------------------|-------------------------------------------
sky130_fd_pr__nfet_01v8 (1)                |sky130_fd_pr__nfet_01v8 (1)                
sky130_fd_pr__pfet_01v8 (2->1)             |sky130_fd_pr__pfet_01v8 (2->1)             
Number of devices: 2                       |Number of devices: 2                       
Number of nets: 4                          |Number of nets: 4                          
---------------------------------------------------------------------------------------
Circuits match uniquely.
Netlists match uniquely.

Subcircuit pins:
Circuit 1: Inversor                        |Circuit 2: Inversor                        
-------------------------------------------|-------------------------------------------
OUT                                        |(no matching pin)                          
IN                                         |a_160_274# **Mismatch**                    
Vss                                        |VSUBS **Mismatch**                         
Vdd                                        |m1_299_677# **Mismatch**                   
OUT                                        |(no matching pin)                          
---------------------------------------------------------------------------------------
Cell pin lists for Inversor and Inversor altered to match.

Subcircuit summary:
Circuit 1: sch/simulations/AND.spice       |Circuit 2: mag/AND/AND.spice               
-------------------------------------------|-------------------------------------------
NAND (1)                                   |NAND (1)                                   
Inversor (1)                               |Inversor (1)                               
Number of devices: 2                       |Number of devices: 2                       
Number of nets: 6                          |Number of nets: 6                          
---------------------------------------------------------------------------------------
Circuits match uniquely.
Netlists match uniquely.
Cells have no pins;  pin matching not needed.
Device classes sch/simulations/AND.spice and mag/AND/AND.spice are equivalent.
Circuits match uniquely.
